Android/RemoteViewService/build/outputs/logs/manifest-merger-debug-report.txt
-- Merging decision tree log ---
manifest
ADDED from Android\RemoteViewService\AndroidManifest.xml:3:1-17:12
INJECTED from Android\RemoteViewService\AndroidManifest.xml:3:1-17:12
INJECTED from Android\RemoteViewService\AndroidManifest.xml:3:1-17:12
INJECTED from Android\RemoteViewService\AndroidManifest.xml:3:1-17:12
INJECTED from Android\RemoteViewService\AndroidManifest.xml:3:1-17:12
INJECTED from Android\RemoteViewService\AndroidManifest.xml:3:1-17:12
INJECTED from Android\RemoteViewService\AndroidManifest.xml:3:1-17:12
	package
		ADDED from Android\RemoteViewService\AndroidManifest.xml:4:7-48
		INJECTED from Android\RemoteViewService\AndroidManifest.xml
		INJECTED from Android\RemoteViewService\AndroidManifest.xml
	android:versionName
		ADDED from Android\RemoteViewService\AndroidManifest.xml:6:7-32
		INJECTED from Android\RemoteViewService\AndroidManifest.xml
		INJECTED from Android\RemoteViewService\AndroidManifest.xml
	xmlns:android
		ADDED from Android\RemoteViewService\AndroidManifest.xml:3:11-69
	android:versionCode
		ADDED from Android\RemoteViewService\AndroidManifest.xml:5:7-30
		INJECTED from Android\RemoteViewService\AndroidManifest.xml
		INJECTED from Android\RemoteViewService\AndroidManifest.xml
application
ADDED from Android\RemoteViewService\AndroidManifest.xml:8:5-15:19
activity#com.realvnc.android.remote.view.implementation.MediaProjectionActivity
ADDED from Android\RemoteViewService\AndroidManifest.xml:11:9-14:20
	android:exported
		ADDED from Android\RemoteViewService\AndroidManifest.xml:12:21-45
	android:name
		ADDED from Android\RemoteViewService\AndroidManifest.xml:11:19-104
uses-sdk
INJECTED from Android\RemoteViewService\AndroidManifest.xml reason: use-sdk injection requested
INJECTED from Android\RemoteViewService\AndroidManifest.xml
INJECTED from Android\RemoteViewService\AndroidManifest.xml
INJECTED from Android\RemoteViewService\AndroidManifest.xml
INJECTED from Android\RemoteViewService\AndroidManifest.xml
	android:targetSdkVersion
		INJECTED from Android\RemoteViewService\AndroidManifest.xml
		ADDED from Android\RemoteViewService\AndroidManifest.xml
		INJECTED from Android\RemoteViewService\AndroidManifest.xml
	android:minSdkVersion
		INJECTED from Android\RemoteViewService\AndroidManifest.xml
		ADDED from Android\RemoteViewService\AndroidManifest.xml
		INJECTED from Android\RemoteViewService\AndroidManifest.xml